2024-04-26 20:42:24.052 [main] INFO  com.priyanshu.AppTest - Setting up driver...
2024-04-26 20:42:33.581 [main] INFO  com.priyanshu.AppTest - Maximizing window...
2024-04-26 20:42:33.763 [main] INFO  com.priyanshu.AppTest - Driver setup complete.
2024-04-26 20:42:33.771 [main] INFO  com.priyanshu.AppTest - Setting up Excel...
2024-04-26 20:42:35.791 [main] INFO  com.priyanshu.AppTest - Excel setup complete.
2024-04-26 20:42:35.794 [main] INFO  com.priyanshu.AppTest - Setting up report...
2024-04-26 20:42:36.439 [main] INFO  com.priyanshu.AppTest - Report setup complete.
2024-04-26 20:42:36.603 [main] INFO  com.priyanshu.AppTest - Starting testSearchBar...
2024-04-26 20:42:36.603 [main] INFO  com.priyanshu.AppTest - Navigating to https://www.barnesandnoble.com/
2024-04-26 20:42:50.457 [main] INFO  com.priyanshu.AppTest - Click on the “All” dropdown on the left side of the search bar and select “Books”.
2024-04-26 20:42:51.815 [main] INFO  com.priyanshu.AppTest - On the search bar input the value "Chetan Bhagat".
2024-04-26 20:42:52.506 [main] INFO  com.priyanshu.AppTest - Click on the search button.
2024-04-26 20:43:01.140 [main] INFO  com.priyanshu.AppTest - Verify the search results contain the keyword "Chetan Bhagat" in it.
2024-04-26 20:43:01.659 [main] INFO  com.priyanshu.AppTest - The keyword 'Chetan Bhagat' is found
2024-04-26 20:43:01.659 [main] INFO  com.priyanshu.AppTest - Taking screenshot of ./out/screenshot/search
2024-04-26 20:43:02.218 [main] INFO  com.priyanshu.AppTest - Screenshot taken.
2024-04-26 20:43:02.218 [main] INFO  com.priyanshu.AppTest - testSearchBar complete.
2024-04-26 20:43:02.228 [main] INFO  com.priyanshu.AppTest - Starting testAddToCart...
2024-04-26 20:43:02.228 [main] INFO  com.priyanshu.AppTest - Navigating to https://www.barnesandnoble.com/
2024-04-26 20:43:07.068 [main] INFO  com.priyanshu.AppTest - Hover over the Audiobooks. Under the Bestsellers section, click on the URL 'Audiobooks Top 100'.
2024-04-26 20:43:14.409 [main] INFO  com.priyanshu.AppTest - Scroll down and click the 'ADD TO CART' button.
2024-04-26 20:43:20.532 [main] INFO  com.priyanshu.AppTest - Verify the pop-up displays the label 'Item Successfully Added To Your Cart'.
2024-04-26 20:43:50.653 [main] ERROR com.priyanshu.AppTest - Item failed to be Added To Your Cart. Because the modal did not appear.
2024-04-26 20:43:50.654 [main] INFO  com.priyanshu.AppTest - Taking screenshot of ./out/screenshot/modal
2024-04-26 20:43:51.386 [main] INFO  com.priyanshu.AppTest - Screenshot taken.
2024-04-26 20:43:51.387 [main] INFO  com.priyanshu.AppTest - testAddToCart complete.
2024-04-26 20:43:51.395 [main] INFO  com.priyanshu.AppTest - Starting testMembershipPage...
2024-04-26 20:44:00.174 [main] INFO  com.priyanshu.AppTest - Scroll down and click on 'B&N MEMBERSHIP.'
2024-04-26 20:44:05.624 [main] INFO  com.priyanshu.AppTest - Scroll down to the last and, under the label 'FREE,' click on the 'JOIN REWARDS' button.
2024-04-26 20:44:07.056 [main] INFO  com.priyanshu.AppTest - Verify the pop-up has label 'Sign in or Create an Account'.
2024-04-26 20:44:07.057 [main] INFO  com.priyanshu.AppTest - Switching to modal frame...
2024-04-26 20:44:18.250 [main] INFO  com.priyanshu.AppTest - Sign in or Create an Account
2024-04-26 20:44:18.251 [main] INFO  com.priyanshu.AppTest - Switching back to default frame...
2024-04-26 20:44:18.260 [main] INFO  com.priyanshu.AppTest - Taking screenshot of ./out/screenshot/membership
2024-04-26 20:44:18.530 [main] INFO  com.priyanshu.AppTest - Screenshot taken.
2024-04-26 20:44:18.531 [main] INFO  com.priyanshu.AppTest - testMembershipPage complete.
2024-04-26 20:44:18.534 [main] INFO  com.priyanshu.AppTest - Wrapping up...
2024-04-26 20:44:20.538 [main] INFO  com.priyanshu.AppTest - Wrap up complete.
2024-04-26 04:02:26.080 [main] INFO  com.kabi.AppTest - Setting up driver...
2024-04-26 04:02:32.002 [main] INFO  com.kabi.AppTest - Maximizing window...
2024-04-26 04:02:32.066 [main] INFO  com.kabi.AppTest - Driver setup complete.
2024-04-26 04:02:32.074 [main] INFO  com.kabi.AppTest - Setting up Excel...
2024-04-26 04:02:33.552 [main] INFO  com.kabi.AppTest - Excel setup complete.
2024-04-26 04:02:33.555 [main] INFO  com.kabi.AppTest - Setting up report...
2024-04-26 04:02:34.108 [main] INFO  com.kabi.AppTest - Report setup complete.
2024-04-26 04:02:34.340 [main] INFO  com.kabi.AppTest - Starting testSearchBar...
2024-04-26 04:02:34.341 [main] INFO  com.kabi.AppTest - Navigating to https://www.barnesandnoble.com/
2024-04-26 04:02:44.505 [main] INFO  com.kabi.AppTest - Click on the “All” dropdown on the left side of the search bar and select “Books”.
2024-04-26 04:02:45.675 [main] INFO  com.kabi.AppTest - On the search bar input the value "Chetan Bhagat".
2024-04-26 04:02:46.452 [main] INFO  com.kabi.AppTest - Click on the search button.
2024-04-26 04:02:51.725 [main] INFO  com.kabi.AppTest - Verify the search results contain the keyword "Chetan Bhagat" in it.
2024-04-26 04:03:21.774 [main] INFO  com.kabi.AppTest - Starting testAddToCart...
2024-04-26 04:03:21.775 [main] INFO  com.kabi.AppTest - Navigating to https://www.barnesandnoble.com/
2024-04-26 04:03:21.796 [main] INFO  com.kabi.AppTest - Starting testMembershipPage...
2024-04-26 04:03:21.812 [main] INFO  com.kabi.AppTest - Wrapping up...
2024-04-26 04:03:23.077 [main] INFO  com.kabi.AppTest - Wrap up complete.
